
********************************************************************************
                            Git Achievement Unlocked!                            

                                     Student                                     
       Accessed the documentation for a command with git [command] --help       
********************************************************************************


********************************************************************************
                            Git Achievement Unlocked!                            

                        Apprentice Stone Mason (Level 1)                        
   Added files to the index area for inclusion in the next commit with git add   
********************************************************************************


********************************************************************************
                            Git Achievement Unlocked!                            

                           Apprentice Author (Level 1)                           
                     Made 2^Level commits using git commit.                     
********************************************************************************


********************************************************************************
                            Git Achievement Unlocked!                            

                           Apprentice Author (Level 2)                           
                     Made 2^Level commits using git commit.                     
********************************************************************************


********************************************************************************
                            Git Achievement Unlocked!                            

                        Apprentice Stone Mason (Level 2)                        
   Added files to the index area for inclusion in the next commit with git add   
********************************************************************************


********************************************************************************
                            Git Achievement Unlocked!                            

                        Apprentice Stone Mason (Level 3)                        
   Added files to the index area for inclusion in the next commit with git add   
********************************************************************************


********************************************************************************
                            Git Achievement Unlocked!                            

                         Apprentice Historian (Level 1)                         
                    Investigate the commit log using git log.                    
********************************************************************************


********************************************************************************
                            Git Achievement Unlocked!                            

                                 Garage Inventor                                 
                      Used a custom alias for a Git command                      
********************************************************************************


********************************************************************************
                            Git Achievement Unlocked!                            

                           Apprentice Author (Level 3)                           
                     Made 2^Level commits using git commit.                     
********************************************************************************


********************************************************************************
                            Git Achievement Unlocked!                            

                         Apprentice Socialite (Level 1)                         
              pushed a branch to a remote repository using git push              
********************************************************************************


********************************************************************************
                            Git Achievement Unlocked!                            

                         Apprentice Architect (Level 1)                         
                     Created a new repository with git init.                     
********************************************************************************


********************************************************************************
                            Git Achievement Unlocked!                            

                                    Caretaker                                    
                    Added a .gitignore file to a repository.                    
********************************************************************************


********************************************************************************
                            Git Achievement Unlocked!                            

                               Let there be light                               
                            Commit without a parent.                            
********************************************************************************


********************************************************************************
                            Git Achievement Unlocked!                            

                         Apprentice Historian (Level 2)                         
                    Investigate the commit log using git log.                    
********************************************************************************


********************************************************************************
                            Git Achievement Unlocked!                            

                         Apprentice Historian (Level 3)                         
                    Investigate the commit log using git log.                    
********************************************************************************


********************************************************************************
                            Git Achievement Unlocked!                            

                              Stone Mason (Level 4)                              
   Added files to the index area for inclusion in the next commit with git add   
********************************************************************************


********************************************************************************
                            Git Achievement Unlocked!                            

                                Author (Level 4)                                
                     Made 2^Level commits using git commit.                     
********************************************************************************


********************************************************************************
                            Git Achievement Unlocked!                            

                         Apprentice Socialite (Level 2)                         
              pushed a branch to a remote repository using git push              
********************************************************************************


********************************************************************************
                            Git Achievement Unlocked!                            

                              Stone Mason (Level 5)                              
   Added files to the index area for inclusion in the next commit with git add   
********************************************************************************


********************************************************************************
                            Git Achievement Unlocked!                            

                         Apprentice Socialite (Level 3)                         
              pushed a branch to a remote repository using git push              
********************************************************************************


********************************************************************************
                            Git Achievement Unlocked!                            

                                Author (Level 5)                                
                     Made 2^Level commits using git commit.                     
********************************************************************************


********************************************************************************
                            Git Achievement Unlocked!                            

                         Apprentice Architect (Level 3)                         
                     Created a new repository with git init.                     
********************************************************************************


********************************************************************************
                            Git Achievement Unlocked!                            

                               Historian (Level 4)                               
                    Investigate the commit log using git log.                    
********************************************************************************


********************************************************************************
                            Git Achievement Unlocked!                            

                               Socialite (Level 4)                               
              pushed a branch to a remote repository using git push              
********************************************************************************


********************************************************************************
                            Git Achievement Unlocked!                            

                                Author (Level 6)                                
                     Made 2^Level commits using git commit.                     
********************************************************************************


********************************************************************************
                            Git Achievement Unlocked!                            

                          Apprentice Merchant (Level 1)                          
                Added an external repository with git remote add.                
********************************************************************************


********************************************************************************
                            Git Achievement Unlocked!                            

                               Socialite (Level 5)                               
              pushed a branch to a remote repository using git push              
********************************************************************************


********************************************************************************
                            Git Achievement Unlocked!                            

                               Architect (Level 4)                               
                     Created a new repository with git init.                     
********************************************************************************


********************************************************************************
                            Git Achievement Unlocked!                            

                        Apprentice Investigator (Level 1)                        
Used git blame to annotates a file with information about how each line changed.
********************************************************************************


********************************************************************************
                            Git Achievement Unlocked!                            

                             Master Author (Level 7)                             
                     Made 2^Level commits using git commit.                     
********************************************************************************


********************************************************************************
                            Git Achievement Unlocked!                            

                               Socialite (Level 6)                               
              pushed a branch to a remote repository using git push              
********************************************************************************


********************************************************************************
                            Git Achievement Unlocked!                            

                          Master Stone Mason (Level 7)                          
   Added files to the index area for inclusion in the next commit with git add   
********************************************************************************


********************************************************************************
                            Git Achievement Unlocked!                            

                      Apprentice Product Manager (Level 1)                      
       Stash the changes in a dirty working directory away with git stash.       
********************************************************************************


********************************************************************************
                            Git Achievement Unlocked!                            

                      Apprentice Product Manager (Level 2)                      
       Stash the changes in a dirty working directory away with git stash.       
********************************************************************************


********************************************************************************
                            Git Achievement Unlocked!                            

                           Master Socialite (Level 7)                           
              pushed a branch to a remote repository using git push              
********************************************************************************


********************************************************************************
                            Git Achievement Unlocked!                            

                             Master Author (Level 8)                             
                     Made 2^Level commits using git commit.                     
********************************************************************************


********************************************************************************
                            Git Achievement Unlocked!                            

                          Apprentice Merchant (Level 2)                          
                Added an external repository with git remote add.                
********************************************************************************


********************************************************************************
                            Git Achievement Unlocked!                            

                         Apprentice Blacksmith (Level 1)                         
                     Created a branch using git checkout -b.                     
********************************************************************************


********************************************************************************
                            Git Achievement Unlocked!                            

                      Apprentice Product Manager (Level 3)                      
       Stash the changes in a dirty working directory away with git stash.       
********************************************************************************


********************************************************************************
                            Git Achievement Unlocked!                            

                      Apprentice Chimney Sweeper (Level 2)                      
  Used git gc to run a number of housekeeping tasks on the current repository.  
********************************************************************************


********************************************************************************
                            Git Achievement Unlocked!                            

                          Master Stone Mason (Level 8)                          
   Added files to the index area for inclusion in the next commit with git add   
********************************************************************************


********************************************************************************
                            Git Achievement Unlocked!                            

                           Apprentice Banker (Level 3)                           
         Join two or more development histories together with git merge.         
********************************************************************************


********************************************************************************
                            Git Achievement Unlocked!                            

                           Master Socialite (Level 8)                           
              pushed a branch to a remote repository using git push              
********************************************************************************


********************************************************************************
                            Git Achievement Unlocked!                            

                                  Cherry Picker                                  
 Used git cherry-pick to add a sha from another branch into the current branch. 
********************************************************************************


********************************************************************************
                            Git Achievement Unlocked!                            

                            Product Manager (Level 4)                            
       Stash the changes in a dirty working directory away with git stash.       
********************************************************************************


********************************************************************************
                            Git Achievement Unlocked!                            

                        Apprentice Investigator (Level 2)                        
Used git blame to annotates a file with information about how each line changed.
********************************************************************************


********************************************************************************
                            Git Achievement Unlocked!                            

                            Product Manager (Level 5)                            
       Stash the changes in a dirty working directory away with git stash.       
********************************************************************************


********************************************************************************
                            Git Achievement Unlocked!                            

                                Banker (Level 4)                                
         Join two or more development histories together with git merge.         
********************************************************************************


********************************************************************************
                            Git Achievement Unlocked!                            

                        Apprentice Investigator (Level 3)                        
Used git blame to annotates a file with information about how each line changed.
********************************************************************************


********************************************************************************
                            Git Achievement Unlocked!                            

                             Master Author (Level 9)                             
                     Made 2^Level commits using git commit.                     
********************************************************************************


********************************************************************************
                            Git Achievement Unlocked!                            

                             Investigator (Level 4)                             
Used git blame to annotates a file with information about how each line changed.
********************************************************************************


********************************************************************************
                            Git Achievement Unlocked!                            

                          Master Stone Mason (Level 9)                          
   Added files to the index area for inclusion in the next commit with git add   
********************************************************************************


********************************************************************************
                            Git Achievement Unlocked!                            

                                     Weaver                                     
                  Investigate old branches by using git reflog                  
********************************************************************************


********************************************************************************
                            Git Achievement Unlocked!                            

                       Apprentice Cleaning lady (Level 3)                       
           Remove untracked files from the working tree with git clean           
********************************************************************************


********************************************************************************
                            Git Achievement Unlocked!                            

                               Historian (Level 6)                               
                    Investigate the commit log using git log.                    
********************************************************************************


********************************************************************************
                            Git Achievement Unlocked!                            

                         Apprentice Blacksmith (Level 2)                         
                     Created a branch using git checkout -b.                     
********************************************************************************


********************************************************************************
                            Git Achievement Unlocked!                            

                                Banker (Level 5)                                
         Join two or more development histories together with git merge.         
********************************************************************************


********************************************************************************
                            Git Achievement Unlocked!                            

                         Apprentice Seamstress (Level 1)                         
                    amended a commit with git commit --amend.                    
********************************************************************************


********************************************************************************
                            Git Achievement Unlocked!                            

                           Master Socialite (Level 9)                           
              pushed a branch to a remote repository using git push              
********************************************************************************


********************************************************************************
                            Git Achievement Unlocked!                            

                               Architect (Level 5)                               
                     Created a new repository with git init.                     
********************************************************************************


********************************************************************************
                            Git Achievement Unlocked!                            

                         Apprentice Blacksmith (Level 3)                         
                     Created a branch using git checkout -b.                     
********************************************************************************


********************************************************************************
                            Git Achievement Unlocked!                            

                            Product Manager (Level 6)                            
       Stash the changes in a dirty working directory away with git stash.       
********************************************************************************


********************************************************************************
                            Git Achievement Unlocked!                            

                              Blacksmith (Level 4)                              
                     Created a branch using git checkout -b.                     
********************************************************************************


********************************************************************************
                            Git Achievement Unlocked!                            

                            Master Author (Level 10)                            
                     Made 2^Level commits using git commit.                     
********************************************************************************


********************************************************************************
                            Git Achievement Unlocked!                            

                          Apprentice Merchant (Level 3)                          
                Added an external repository with git remote add.                
********************************************************************************


********************************************************************************
                            Git Achievement Unlocked!                            

                          Master Stone Mason (Level 10)                          
   Added files to the index area for inclusion in the next commit with git add   
********************************************************************************


********************************************************************************
                            Git Achievement Unlocked!                            

                                 Gipsy (Level 5)                                 
            Create, list, delete a tag signed with GPG using git tag            
********************************************************************************


********************************************************************************
                            Git Achievement Unlocked!                            

                        Master Carpenter (Level        1)                        
 Custom git hooks are installed which help catch issues before they are shared. 
********************************************************************************


********************************************************************************
                            Git Achievement Unlocked!                            

                         Apprentice Collector (Level 1)                         
       Fetches named heads or tags from another repository with git fetch       
********************************************************************************


********************************************************************************
                            Git Achievement Unlocked!                            

                         Apprentice Seamstress (Level 2)                         
                    amended a commit with git commit --amend.                    
********************************************************************************


********************************************************************************
                            Git Achievement Unlocked!                            

                         Apprentice Seamstress (Level 3)                         
                    amended a commit with git commit --amend.                    
********************************************************************************


********************************************************************************
                            Git Achievement Unlocked!                            

                         Apprentice Collector (Level 2)                         
       Fetches named heads or tags from another repository with git fetch       
********************************************************************************

